<?xml version="1.0" encoding="UTF-8"?>
<!-- Generated by org.testng.reporters.JUnitXMLReporter -->
<testsuite ignored="0" hostname="LAPTOP-LC5DUT9O" failures="0" tests="10" name="Test" time="92.926" errors="0" timestamp="2025-08-05T15:18:13 IST">
  <testcase classname="scripts.SelectDeliveryAreaTest" name="verifyDeliveryAreaDropdown" time="1.239"/>
  <testcase classname="scripts.CheckContactUsTxt" name="checkTxtContact" time="1.651"/>
  <testcase classname="scripts.CheckCopyrightFooter" name="checkingFooter" time="2.209"/>
  <testcase classname="scripts.CheckingMenuItems" name="checkingMenu" time="0.119"/>
  <testcase classname="scripts.CheckEmailDisplayed" name="verifyEmailVisibility" time="0.091"/>
  <testcase classname="scripts.CheckingOrdersDrpDwn" name="checkingDrpDwn" time="0.934"/>
  <testcase classname="scripts.CheckPhoneNumberDisplayed" name="checkPhoneNumber" time="0.091"/>
  <testcase classname="scripts.ItemDetails" name="verifyingItemDetails" time="6.209"/>
  <testcase classname="scripts.CheckDatePicker" name="verifyDatePicker" time="0.774"/>
  <testcase classname="scripts.CheckOrderOnlineNow" name="verifyOrderOnlineNowText" time="1.127"/>
</testsuite> <!-- Test -->
