<?xml version="1.0" encoding="UTF-8"?>
<testng-results ignored="0" total="1" passed="1" failed="0" skipped="0">
  <reporter-output>
  </reporter-output>
  <suite started-at="2025-08-11T11:42:35 IST" name="Surefire suite" finished-at="2025-08-11T11:42:46 IST" duration-ms="10661">
    <groups>
    </groups>
    <test started-at="2025-08-11T11:42:35 IST" name="Surefire test" finished-at="2025-08-11T11:42:46 IST" duration-ms="10661">
      <class name="scripts.SelectDeliveryAreaTest">
        <test-method is-config="true" signature="openApp()[pri:0, instance:scripts.SelectDeliveryAreaTest@2fd6b6c7]" started-at="2025-08-11T11:42:35 IST" name="openApp" finished-at="2025-08-11T11:42:45 IST" duration-ms="9716" status="PASS">
          <reporter-output>
          </reporter-output>
        </test-method> <!-- openApp -->
        <test-method signature="verifyDeliveryAreaDropdown()[pri:0, instance:scripts.SelectDeliveryAreaTest@2fd6b6c7]" started-at="2025-08-11T11:42:45 IST" name="verifyDeliveryAreaDropdown" finished-at="2025-08-11T11:42:45 IST" duration-ms="725" status="PASS">
          <reporter-output>
          </reporter-output>
        </test-method> <!-- verifyDeliveryAreaDropdown -->
        <test-method is-config="true" signature="closeApp()[pri:0, instance:scripts.SelectDeliveryAreaTest@2fd6b6c7]" started-at="2025-08-11T11:42:45 IST" name="closeApp" finished-at="2025-08-11T11:42:46 IST" duration-ms="184" status="PASS">
          <reporter-output>
          </reporter-output>
        </test-method> <!-- closeApp -->
      </class> <!-- scripts.SelectDeliveryAreaTest -->
    </test> <!-- Surefire test -->
  </suite> <!-- Surefire suite -->
</testng-results>
