<?xml version="1.0" encoding="UTF-8"?>
<testng-results ignored="0" total="10" passed="10" failed="0" skipped="0">
  <reporter-output>
  </reporter-output>
  <suite started-at="2025-08-05T15:16:40 IST" name="Suite" finished-at="2025-08-05T15:18:13 IST" duration-ms="92926">
    <groups>
    </groups>
    <test started-at="2025-08-05T15:16:40 IST" name="Test" finished-at="2025-08-05T15:18:13 IST" duration-ms="92926">
      <class name="scripts.CheckContactUsTxt">
        <test-method is-config="true" signature="openApp()[pri:0, instance:scripts.CheckContactUsTxt@710f4dc7]" started-at="2025-08-05T15:16:56 IST" name="openApp" finished-at="2025-08-05T15:17:04 IST" duration-ms="7971" status="PASS">
          <reporter-output>
          </reporter-output>
        </test-method> <!-- openApp -->
        <test-method signature="checkTxtContact()[pri:0, instance:scripts.CheckContactUsTxt@710f4dc7]" started-at="2025-08-05T15:17:04 IST" name="checkTxtContact" finished-at="2025-08-05T15:17:06 IST" duration-ms="1651" status="PASS">
          <reporter-output>
          </reporter-output>
        </test-method> <!-- checkTxtContact -->
        <test-method is-config="true" signature="closeApp()[pri:0, instance:scripts.CheckContactUsTxt@710f4dc7]" started-at="2025-08-05T15:17:06 IST" name="closeApp" finished-at="2025-08-05T15:17:06 IST" duration-ms="191" status="PASS">
          <reporter-output>
          </reporter-output>
        </test-method> <!-- closeApp -->
      </class> <!-- scripts.CheckContactUsTxt -->
      <class name="scripts.CheckPhoneNumberDisplayed">
        <test-method is-config="true" signature="openApp()[pri:0, instance:scripts.CheckPhoneNumberDisplayed@510f3d34]" started-at="2025-08-05T15:17:39 IST" name="openApp" finished-at="2025-08-05T15:17:47 IST" duration-ms="7878" status="PASS">
          <reporter-output>
          </reporter-output>
        </test-method> <!-- openApp -->
        <test-method signature="checkPhoneNumber()[pri:0, instance:scripts.CheckPhoneNumberDisplayed@510f3d34]" started-at="2025-08-05T15:17:47 IST" name="checkPhoneNumber" finished-at="2025-08-05T15:17:47 IST" duration-ms="91" status="PASS">
          <reporter-output>
          </reporter-output>
        </test-method> <!-- checkPhoneNumber -->
        <test-method is-config="true" signature="closeApp()[pri:0, instance:scripts.CheckPhoneNumberDisplayed@510f3d34]" started-at="2025-08-05T15:17:47 IST" name="closeApp" finished-at="2025-08-05T15:17:47 IST" duration-ms="163" status="PASS">
          <reporter-output>
          </reporter-output>
        </test-method> <!-- closeApp -->
      </class> <!-- scripts.CheckPhoneNumberDisplayed -->
      <class name="scripts.CheckingOrdersDrpDwn">
        <test-method is-config="true" signature="openApp()[pri:0, instance:scripts.CheckingOrdersDrpDwn@6ad82709]" started-at="2025-08-05T15:17:31 IST" name="openApp" finished-at="2025-08-05T15:17:38 IST" duration-ms="6864" status="PASS">
          <reporter-output>
          </reporter-output>
        </test-method> <!-- openApp -->
        <test-method signature="checkingDrpDwn()[pri:0, instance:scripts.CheckingOrdersDrpDwn@6ad82709]" started-at="2025-08-05T15:17:38 IST" name="checkingDrpDwn" finished-at="2025-08-05T15:17:39 IST" duration-ms="934" status="PASS">
          <reporter-output>
          </reporter-output>
        </test-method> <!-- checkingDrpDwn -->
        <test-method is-config="true" signature="closeApp()[pri:0, instance:scripts.CheckingOrdersDrpDwn@6ad82709]" started-at="2025-08-05T15:17:39 IST" name="closeApp" finished-at="2025-08-05T15:17:39 IST" duration-ms="158" status="PASS">
          <reporter-output>
          </reporter-output>
        </test-method> <!-- closeApp -->
      </class> <!-- scripts.CheckingOrdersDrpDwn -->
      <class name="scripts.CheckCopyrightFooter">
        <test-method is-config="true" signature="openApp()[pri:0, instance:scripts.CheckCopyrightFooter@1ff4931d]" started-at="2025-08-05T15:17:06 IST" name="openApp" finished-at="2025-08-05T15:17:13 IST" duration-ms="7645" status="PASS">
          <reporter-output>
          </reporter-output>
        </test-method> <!-- openApp -->
        <test-method signature="checkingFooter()[pri:0, instance:scripts.CheckCopyrightFooter@1ff4931d]" started-at="2025-08-05T15:17:13 IST" name="checkingFooter" finished-at="2025-08-05T15:17:16 IST" duration-ms="2209" status="PASS">
          <reporter-output>
          </reporter-output>
        </test-method> <!-- checkingFooter -->
        <test-method is-config="true" signature="closeApp()[pri:0, instance:scripts.CheckCopyrightFooter@1ff4931d]" started-at="2025-08-05T15:17:16 IST" name="closeApp" finished-at="2025-08-05T15:17:16 IST" duration-ms="188" status="PASS">
          <reporter-output>
          </reporter-output>
        </test-method> <!-- closeApp -->
      </class> <!-- scripts.CheckCopyrightFooter -->
      <class name="scripts.CheckEmailDisplayed">
        <test-method is-config="true" signature="openApp()[pri:0, instance:scripts.CheckEmailDisplayed@61322f9d]" started-at="2025-08-05T15:17:24 IST" name="openApp" finished-at="2025-08-05T15:17:31 IST" duration-ms="7240" status="PASS">
          <reporter-output>
          </reporter-output>
        </test-method> <!-- openApp -->
        <test-method signature="verifyEmailVisibility()[pri:0, instance:scripts.CheckEmailDisplayed@61322f9d]" started-at="2025-08-05T15:17:31 IST" name="verifyEmailVisibility" finished-at="2025-08-05T15:17:31 IST" duration-ms="91" status="PASS">
          <reporter-output>
          </reporter-output>
        </test-method> <!-- verifyEmailVisibility -->
        <test-method is-config="true" signature="closeApp()[pri:0, instance:scripts.CheckEmailDisplayed@61322f9d]" started-at="2025-08-05T15:17:31 IST" name="closeApp" finished-at="2025-08-05T15:17:31 IST" duration-ms="163" status="PASS">
          <reporter-output>
          </reporter-output>
        </test-method> <!-- closeApp -->
      </class> <!-- scripts.CheckEmailDisplayed -->
      <class name="scripts.CheckingMenuItems">
        <test-method is-config="true" signature="openApp()[pri:0, instance:scripts.CheckingMenuItems@65e98b1c]" started-at="2025-08-05T15:17:16 IST" name="openApp" finished-at="2025-08-05T15:17:24 IST" duration-ms="7674" status="PASS">
          <reporter-output>
          </reporter-output>
        </test-method> <!-- openApp -->
        <test-method signature="checkingMenu()[pri:0, instance:scripts.CheckingMenuItems@65e98b1c]" started-at="2025-08-05T15:17:24 IST" name="checkingMenu" finished-at="2025-08-05T15:17:24 IST" duration-ms="119" status="PASS">
          <reporter-output>
          </reporter-output>
        </test-method> <!-- checkingMenu -->
        <test-method is-config="true" signature="closeApp()[pri:0, instance:scripts.CheckingMenuItems@65e98b1c]" started-at="2025-08-05T15:17:24 IST" name="closeApp" finished-at="2025-08-05T15:17:24 IST" duration-ms="208" status="PASS">
          <reporter-output>
          </reporter-output>
        </test-method> <!-- closeApp -->
      </class> <!-- scripts.CheckingMenuItems -->
      <class name="scripts.ItemDetails">
        <test-method is-config="true" signature="openApp()[pri:0, instance:scripts.ItemDetails@7817fd62]" started-at="2025-08-05T15:17:47 IST" name="openApp" finished-at="2025-08-05T15:17:50 IST" duration-ms="2705" status="PASS">
          <reporter-output>
          </reporter-output>
        </test-method> <!-- openApp -->
        <test-method signature="verifyingItemDetails()[pri:0, instance:scripts.ItemDetails@7817fd62]" started-at="2025-08-05T15:17:50 IST" name="verifyingItemDetails" finished-at="2025-08-05T15:17:56 IST" duration-ms="6209" status="PASS">
          <reporter-output>
          </reporter-output>
        </test-method> <!-- verifyingItemDetails -->
        <test-method is-config="true" signature="closeApp()[pri:0, instance:scripts.ItemDetails@7817fd62]" started-at="2025-08-05T15:17:56 IST" name="closeApp" finished-at="2025-08-05T15:17:57 IST" duration-ms="207" status="PASS">
          <reporter-output>
          </reporter-output>
        </test-method> <!-- closeApp -->
      </class> <!-- scripts.ItemDetails -->
      <class name="scripts.SelectDeliveryAreaTest">
        <test-method is-config="true" signature="openApp()[pri:0, instance:scripts.SelectDeliveryAreaTest@2f4948e4]" started-at="2025-08-05T15:16:40 IST" name="openApp" finished-at="2025-08-05T15:16:54 IST" duration-ms="14444" status="PASS">
          <reporter-output>
          </reporter-output>
        </test-method> <!-- openApp -->
        <test-method signature="verifyDeliveryAreaDropdown()[pri:0, instance:scripts.SelectDeliveryAreaTest@2f4948e4]" started-at="2025-08-05T15:16:54 IST" name="verifyDeliveryAreaDropdown" finished-at="2025-08-05T15:16:56 IST" duration-ms="1239" status="PASS">
          <reporter-output>
          </reporter-output>
        </test-method> <!-- verifyDeliveryAreaDropdown -->
        <test-method is-config="true" signature="closeApp()[pri:0, instance:scripts.SelectDeliveryAreaTest@2f4948e4]" started-at="2025-08-05T15:16:56 IST" name="closeApp" finished-at="2025-08-05T15:16:56 IST" duration-ms="335" status="PASS">
          <reporter-output>
          </reporter-output>
        </test-method> <!-- closeApp -->
      </class> <!-- scripts.SelectDeliveryAreaTest -->
      <class name="scripts.CheckDatePicker">
        <test-method is-config="true" signature="openApp()[pri:0, instance:scripts.CheckDatePicker@8297b3a]" started-at="2025-08-05T15:17:57 IST" name="openApp" finished-at="2025-08-05T15:18:03 IST" duration-ms="6893" status="PASS">
          <reporter-output>
          </reporter-output>
        </test-method> <!-- openApp -->
        <test-method signature="verifyDatePicker()[pri:0, instance:scripts.CheckDatePicker@8297b3a]" started-at="2025-08-05T15:18:03 IST" name="verifyDatePicker" finished-at="2025-08-05T15:18:04 IST" duration-ms="774" status="PASS">
          <reporter-output>
          </reporter-output>
        </test-method> <!-- verifyDatePicker -->
        <test-method is-config="true" signature="closeApp()[pri:0, instance:scripts.CheckDatePicker@8297b3a]" started-at="2025-08-05T15:18:04 IST" name="closeApp" finished-at="2025-08-05T15:18:04 IST" duration-ms="226" status="PASS">
          <reporter-output>
          </reporter-output>
        </test-method> <!-- closeApp -->
      </class> <!-- scripts.CheckDatePicker -->
      <class name="scripts.CheckOrderOnlineNow">
        <test-method is-config="true" signature="openApp()[pri:0, instance:scripts.CheckOrderOnlineNow@2362f559]" started-at="2025-08-05T15:18:04 IST" name="openApp" finished-at="2025-08-05T15:18:11 IST" duration-ms="6990" status="PASS">
          <reporter-output>
          </reporter-output>
        </test-method> <!-- openApp -->
        <test-method signature="verifyOrderOnlineNowText()[pri:0, instance:scripts.CheckOrderOnlineNow@2362f559]" started-at="2025-08-05T15:18:11 IST" name="verifyOrderOnlineNowText" finished-at="2025-08-05T15:18:13 IST" duration-ms="1127" status="PASS">
          <reporter-output>
          </reporter-output>
        </test-method> <!-- verifyOrderOnlineNowText -->
        <test-method is-config="true" signature="closeApp()[pri:0, instance:scripts.CheckOrderOnlineNow@2362f559]" started-at="2025-08-05T15:18:13 IST" name="closeApp" finished-at="2025-08-05T15:18:13 IST" duration-ms="233" status="PASS">
          <reporter-output>
          </reporter-output>
        </test-method> <!-- closeApp -->
      </class> <!-- scripts.CheckOrderOnlineNow -->
    </test> <!-- Test -->
  </suite> <!-- Suite -->
</testng-results>
